<?xml version="1.0" encoding="UTF-8"?>
<testsuite xmlns:xsi="http://www.w3.org/2001/XMLSchema-instance" xsi:noNamespaceSchemaLocation="https://maven.apache.org/surefire/maven-surefire-plugin/xsd/surefire-test-report.xsd" name="pl.edu.agh.kis.pz1.HandEvaluatorTest" time="0.152" tests="62" errors="0" skipped="0" failures="0">
  <properties>
[...]
</properties>
  <testcase name="givenUnsortedHandWithFullHouse_whenEvaluate_thenReturnFullHouse" classname="pl.edu.agh.kis.pz1.HandEvaluatorTest" time="0.002"/>
  <testcase name="givenTwoHandsWithFlushLeftHigher_whenCompareHands_thenReturnPositive" classname="pl.edu.agh.kis.pz1.HandEvaluatorTest" time="0.006"/>
  <testcase name="givenUnsortedHandWithStraight_whenEvaluate_thenReturnStraight" classname="pl.edu.agh.kis.pz1.HandEvaluatorTest" time="0.001"/>
  <testcase name="givenHandsWithHighCardAndPair_whenCompareHands_thenReturnNegative" classname="pl.edu.agh.kis.pz1.HandEvaluatorTest" time="0.001"/>
  <testcase name="givenUnsortedHandWithHighCard_whenEvaluate_thenReturnHighCard" classname="pl.edu.agh.kis.pz1.HandEvaluatorTest" time="0.001"/>
  <testcase name="givenHandsWithStraightFlushAndFourOfAKind_whenCompareHands_thenReturnPositive" classname="pl.edu.agh.kis.pz1.HandEvaluatorTest" time="0.003"/>
  <testcase name="givenHandsWithStraightAndFlush_whenCompareHands_thenReturnNegative" classname="pl.edu.agh.kis.pz1.HandEvaluatorTest" time="0.002"/>
  <testcase name="givenUnsortedHandWithFourOfAKind_whenEvaluate_thenReturnFourOfAKind" classname="pl.edu.agh.kis.pz1.HandEvaluatorTest" time="0.001"/>
  <testcase name="givenUnsortedHandWithThreeOfAKind_whenEvaluate_thenReturnThreeOfAKind" classname="pl.edu.agh.kis.pz1.HandEvaluatorTest" time="0.003"/>
  <testcase name="givenHandsWithThreeOfAKindAndStraight_whenCompareHands_thenReturnNegative" classname="pl.edu.agh.kis.pz1.HandEvaluatorTest" time="0.001"/>
  <testcase name="givenTwoHandsWithPairLeftHigher_whenCompareHands_thenReturnPositive" classname="pl.edu.agh.kis.pz1.HandEvaluatorTest" time="0"/>
  <testcase name="givenTwoHandsWithPairIndistinguishable_whenCompareHands_thenReturnZero" classname="pl.edu.agh.kis.pz1.HandEvaluatorTest" time="0"/>
  <testcase name="givenHandsWithPairAndHighCard_whenCompareHands_thenReturnPositive" classname="pl.edu.agh.kis.pz1.HandEvaluatorTest" time="0.001"/>
  <testcase name="givenTwoHandsWithFlushIndistinguishable_whenCompareHands_thenReturnZero" classname="pl.edu.agh.kis.pz1.HandEvaluatorTest" time="0.001"/>
  <testcase name="givenTwoHandsWithHighCardLeftHigher_whenCompareHands_thenReturnPositive" classname="pl.edu.agh.kis.pz1.HandEvaluatorTest" time="0.001"/>
  <testcase name="givenHandsWithFullHouseAndFlush_whenCompareHands_thenReturnPositive" classname="pl.edu.agh.kis.pz1.HandEvaluatorTest" time="0.001"/>
  <testcase name="givenHandsWithTwoPairsAndThreeOfAKind_whenCompareHands_thenReturnNegative" classname="pl.edu.agh.kis.pz1.HandEvaluatorTest" time="0"/>
  <testcase name="givenTwoHandsWithFourOfAKindRightHigher_whenCompareHands_thenReturnNegative" classname="pl.edu.agh.kis.pz1.HandEvaluatorTest" time="0.001"/>
  <testcase name="givenTwoHandsWithPaiOfTheSameValueLeftHigher_whenCompareHands_thenReturnPositive" classname="pl.edu.agh.kis.pz1.HandEvaluatorTest" time="0.001"/>
  <testcase name="givenUnsortedHandWithTwoPair_whenEvaluate_thenReturnTwoPair" classname="pl.edu.agh.kis.pz1.HandEvaluatorTest" time="0.032"/>
  <testcase name="givenHandsWithFlushAndFullHouse_whenCompareHands_thenReturnNegative" classname="pl.edu.agh.kis.pz1.HandEvaluatorTest" time="0.001"/>
  <testcase name="givenSortedHandWithThreeOfAKind_whenEvaluate_thenReturnThreeOfAKind" classname="pl.edu.agh.kis.pz1.HandEvaluatorTest" time="0.001"/>
  <testcase name="givenTwoHandsWithPaiOfTheSameValueLeftHigher_whenCompareHands_thenReturnNegative" classname="pl.edu.agh.kis.pz1.HandEvaluatorTest" time="0.001"/>
  <testcase name="givenTwoHandsWithStraightFlushIndistinguishable_whenCompareHands_thenReturnZero" classname="pl.edu.agh.kis.pz1.HandEvaluatorTest" time="0.003"/>
  <testcase name="givenTwoHandsWithTwoPairsIndistinguishable_whenCompareHands_thenReturnZero" classname="pl.edu.agh.kis.pz1.HandEvaluatorTest" time="0"/>
  <testcase name="givenSortedHandWithHighStraightFlush_whenEvaluate_thenReturnStraightFlush" classname="pl.edu.agh.kis.pz1.HandEvaluatorTest" time="0"/>
  <testcase name="givenUnsortedHandWithLowStraightFlush_whenEvaluate_thenReturnStraightFlush" classname="pl.edu.agh.kis.pz1.HandEvaluatorTest" time="0.002"/>
  <testcase name="givenHandsWithFlushAndStraight_whenCompareHands_thenReturnPositive" classname="pl.edu.agh.kis.pz1.HandEvaluatorTest" time="0.001"/>
  <testcase name="givenSortedHandWithPair_whenEvaluate_thenReturnPair" classname="pl.edu.agh.kis.pz1.HandEvaluatorTest" time="0.001"/>
  <testcase name="givenTwoHandsWithFourOfAKindLeftHigher_whenCompareHands_thenReturnPositive" classname="pl.edu.agh.kis.pz1.HandEvaluatorTest" time="0.001"/>
  <testcase name="givenTwoHandsWithTwoPairsLeftHigher_whenCompareHands_thenReturnPositive" classname="pl.edu.agh.kis.pz1.HandEvaluatorTest" time="0.001"/>
  <testcase name="givenSortedHandWithFullHouse_whenEvaluate_thenReturnFullHouse" classname="pl.edu.agh.kis.pz1.HandEvaluatorTest" time="0.001"/>
  <testcase name="givenTwoHandsWithStraightLeftHigher_whenCompareHands_thenReturnPositive" classname="pl.edu.agh.kis.pz1.HandEvaluatorTest" time="0.001"/>
  <testcase name="givenTwoHandsWithHighCardRightHigher_whenCompareHands_thenReturnNegative" classname="pl.edu.agh.kis.pz1.HandEvaluatorTest" time="0.009"/>
  <testcase name="givenTwoHandsWithTwoPairsOfTheSameValueLeftHigher_whenCompareHands_thenReturnPositive" classname="pl.edu.agh.kis.pz1.HandEvaluatorTest" time="0.001"/>
  <testcase name="givenTwoHandsWithStraightRightHigher_whenCompareHands_thenReturnNegative" classname="pl.edu.agh.kis.pz1.HandEvaluatorTest" time="0"/>
  <testcase name="givenTwoHandsWithTwoPairsOfTheSameValueLeftHigher_whenCompareHands_thenReturnNegative" classname="pl.edu.agh.kis.pz1.HandEvaluatorTest" time="0"/>
  <testcase name="givenHandsWithFourOfAKindAndFullHouse_whenCompareHands_thenReturnPositive" classname="pl.edu.agh.kis.pz1.HandEvaluatorTest" time="0"/>
  <testcase name="givenUnsortedHandWithHighStraightFlush_whenEvaluate_thenReturnStraightFlush" classname="pl.edu.agh.kis.pz1.HandEvaluatorTest" time="0"/>
  <testcase name="givenTwoHandsWithFlushRightHigher_whenCompareHands_thenReturnNegative" classname="pl.edu.agh.kis.pz1.HandEvaluatorTest" time="0.001"/>
  <testcase name="givenTwoHandsWithStraightFlushRightHigher_whenCompareHands_thenReturnNegative" classname="pl.edu.agh.kis.pz1.HandEvaluatorTest" time="0.001"/>
  <testcase name="givenTwoHandsWithHighCardIndistinguishable_whenCompareHands_thenReturnZero" classname="pl.edu.agh.kis.pz1.HandEvaluatorTest" time="0"/>
  <testcase name="givenSortedHandWithFourOfAKind_whenEvaluate_thenReturnFourOfAKind" classname="pl.edu.agh.kis.pz1.HandEvaluatorTest" time="0"/>
  <testcase name="givenHandsWithFullHouseAndFourOfAKind_whenCompareHands_thenReturnNegative" classname="pl.edu.agh.kis.pz1.HandEvaluatorTest" time="0"/>
  <testcase name="givenHandsWithThreeOfAKindAndTwoPairs_whenCompareHands_thenReturnPositive" classname="pl.edu.agh.kis.pz1.HandEvaluatorTest" time="0.001"/>
  <testcase name="givenHandsWithPairAndTwoPairs_whenCompareHands_thenReturnNegative" classname="pl.edu.agh.kis.pz1.HandEvaluatorTest" time="0"/>
  <testcase name="givenTwoHandsWithFullHouseRightHigher_whenCompareHands_thenReturnNegative" classname="pl.edu.agh.kis.pz1.HandEvaluatorTest" time="0.002"/>
  <testcase name="givenTwoHandsWithPairRightHigher_whenCompareHands_thenReturnNegative" classname="pl.edu.agh.kis.pz1.HandEvaluatorTest" time="0.003"/>
  <testcase name="givenSortedHandWithStraight_whenEvaluate_thenReturnStraight" classname="pl.edu.agh.kis.pz1.HandEvaluatorTest" time="0.001"/>
  <testcase name="givenSortedHandWithHighCard_whenEvaluate_thenReturnHighCard" classname="pl.edu.agh.kis.pz1.HandEvaluatorTest" time="0"/>
  <testcase name="givenTwoHandsWithFullHouseLeftHigher_whenCompareHands_thenReturnPositive" classname="pl.edu.agh.kis.pz1.HandEvaluatorTest" time="0.001"/>
  <testcase name="givenTwoHandsWithThreeOfAKindRightHigher_whenCompareHands_thenReturnNegative" classname="pl.edu.agh.kis.pz1.HandEvaluatorTest" time="0.001"/>
  <testcase name="givenUnsortedHandWithPair_whenEvaluate_thenReturnPair" classname="pl.edu.agh.kis.pz1.HandEvaluatorTest" time="0"/>
  <testcase name="givenTwoHandsWithStraightIndistinguishable_whenCompareHands_thenReturnZero" classname="pl.edu.agh.kis.pz1.HandEvaluatorTest" time="0.001"/>
  <testcase name="givenHandsWithStraightAndThreeOfAKind_whenCompareHands_thenReturnPositive" classname="pl.edu.agh.kis.pz1.HandEvaluatorTest" time="0"/>
  <testcase name="givenTwoHandsWithStraightFlushLeftHigher_whenCompareHands_thenReturnPositive" classname="pl.edu.agh.kis.pz1.HandEvaluatorTest" time="0"/>
  <testcase name="givenTwoHandsWithTwoPairsRightHigher_whenCompareHands_thenReturnNegative" classname="pl.edu.agh.kis.pz1.HandEvaluatorTest" time="0"/>
  <testcase name="givenSortedHandWithTwoPair_whenEvaluate_thenReturnTwoPair" classname="pl.edu.agh.kis.pz1.HandEvaluatorTest" time="0"/>
  <testcase name="givenHandsWithFourOfAKindAndStraightFlush_whenCompareHands_thenReturnNegative" classname="pl.edu.agh.kis.pz1.HandEvaluatorTest" time="0"/>
  <testcase name="givenTwoHandsWithThreeOfAKindLeftHigher_whenCompareHands_thenReturnPositive" classname="pl.edu.agh.kis.pz1.HandEvaluatorTest" time="0.002"/>
  <testcase name="givenHandWithFlush_whenEvaluate_thenReturnFlush" classname="pl.edu.agh.kis.pz1.HandEvaluatorTest" time="0"/>
  <testcase name="givenHandsWithTwoPairsAndPair_whenCompareHands_thenReturnPositive" classname="pl.edu.agh.kis.pz1.HandEvaluatorTest" time="0"/>
</testsuite>