<?xml version="1.0" encoding="UTF-8"?>
<testsuite xmlns:xsi="http://www.w3.org/2001/XMLSchema-instance" xsi:noNamespaceSchemaLocation="https://maven.apache.org/surefire/maven-surefire-plugin/xsd/surefire-test-report.xsd" name="pl.edu.agh.kis.pz1.DeckTest" time="0.008" tests="3" errors="0" skipped="0" failures="0">
  <properties>
[...]
</properties>
  <testcase name="givenNothing_whenDealCard_thenReturnFirstCardFromDeck" classname="pl.edu.agh.kis.pz1.DeckTest" time="0.005"/>
  <testcase name="givenNothing_whenNewDeck_thenInitializeDeckAttributeWithNewDeck" classname="pl.edu.agh.kis.pz1.DeckTest" time="0.001"/>
  <testcase name="givenNothing_whenDeckIsConstructed_thenInitializeDeckAttributeWithNewDeck" classname="pl.edu.agh.kis.pz1.DeckTest" time="0"/>
</testsuite>